Flutter crash report; please file at https://github.com/flutter/flutter/issues.

## command

flutter --no-color run --machine --track-widget-creation --device-id=emulator-5554 lib\main.dart

## exception

FileSystemException: FileSystemException: Cannot open file, path = 'C:\Users\Raahim's Huawei\COVID-19-Workshop\.flutter-plugins' (OS Error: The requested operation cannot be performed on a file with a user-mapped section open.
, errno = 1224)

```
#0      _File.throwIfError (dart:io/file_impl.dart:645:7)
#1      _File.openSync (dart:io/file_impl.dart:489:5)
#2      _File.writeAsBytesSync (dart:io/file_impl.dart:614:31)
#3      _File.writeAsStringSync (dart:io/file_impl.dart:638:5)
#4      ForwardingFile.writeAsStringSync (package:file/src/forwarding/forwarding_file.dart:154:16)
#5      _writeFlutterPluginsListLegacy (package:flutter_tools/src/plugins.dart:484:15)
#6      refreshPluginsList (package:flutter_tools/src/plugins.dart:1054:30)
#7      FlutterProject.ensureReadyForPlatformSpecificTooling (package:flutter_tools/src/project.dart:210:5)
#8      FlutterCommand.verifyThenRunCommand (package:flutter_tools/src/runner/flutter_command.dart:708:21)
<asynchronous suspension>
#9      FlutterCommand.run.<anonymous closure> (package:flutter_tools/src/runner/flutter_command.dart:620:33)
<asynchronous suspension>
#10     FlutterCommand.run.<anonymous closure> (package:flutter_tools/src/runner/flutter_command.dart)
#11     AppContext.run.<anonymous closure> (package:flutter_tools/src/base/context.dart:150:29)
#12     _rootRun (dart:async/zone.dart:1184:13)
#13     _CustomZone.run (dart:async/zone.dart:1077:19)
#14     _runZoned (dart:async/zone.dart:1619:10)
#15     runZoned (dart:async/zone.dart:1539:10)
#16     AppContext.run (package:flutter_tools/src/base/context.dart:149:18)
#17     FlutterCommand.run (package:flutter_tools/src/runner/flutter_command.dart:610:20)
#18     CommandRunner.runCommand (package:args/command_runner.dart:197:27)
#19     FlutterCommandRunner.runCommand.<anonymous closure> (package:flutter_tools/src/runner/flutter_command_runner.dart:339:21)
<asynchronous suspension>
#20     FlutterCommandRunner.runCommand.<anonymous closure> (package:flutter_tools/src/runner/flutter_command_runner.dart)
#21     AppContext.run.<anonymous closure> (package:flutter_tools/src/base/context.dart:150:29)
#22     _rootRun (dart:async/zone.dart:1184:13)
#23     _CustomZone.run (dart:async/zone.dart:1077:19)
#24     _runZoned (dart:async/zone.dart:1619:10)
#25     runZoned (dart:async/zone.dart:1539:10)
#26     AppContext.run (package:flutter_tools/src/base/context.dart:149:18)
#27     FlutterCommandRunner.runCommand (package:flutter_tools/src/runner/flutter_command_runner.dart:288:19)
#28     CommandRunner.run.<anonymous closure> (package:args/command_runner.dart:112:25)
#29     new Future.sync (dart:async/future.dart:224:31)
#30     CommandRunner.run (package:args/command_runner.dart:112:14)
#31     FlutterCommandRunner.run (package:flutter_tools/src/runner/flutter_command_runner.dart:231:18)
#32     run.<anonymous closure>.<anonymous closure> (package:flutter_tools/runner.dart:63:22)
#33     _rootRun (dart:async/zone.dart:1184:13)
#34     _CustomZone.run (dart:async/zone.dart:1077:19)
#35     _runZoned (dart:async/zone.dart:1619:10)
#36     runZonedGuarded (dart:async/zone.dart:1608:12)
#37     runZoned (dart:async/zone.dart:1536:12)
#38     run.<anonymous closure> (package:flutter_tools/runner.dart:61:18)
<asynchronous suspension>
#39     run.<anonymous closure> (package:flutter_tools/runner.dart)
#40     runInContext.runnerWrapper (package:flutter_tools/src/context_runner.dart:64:18)
<asynchronous suspension>
#41     runInContext.runnerWrapper (package:flutter_tools/src/context_runner.dart)
#42     AppContext.run.<anonymous closure> (package:flutter_tools/src/base/context.dart:150:29)
#43     _rootRun (dart:async/zone.dart:1184:13)
#44     _CustomZone.run (dart:async/zone.dart:1077:19)
#45     _runZoned (dart:async/zone.dart:1619:10)
#46     runZoned (dart:async/zone.dart:1539:10)
#47     AppContext.run (package:flutter_tools/src/base/context.dart:149:18)
#48     runInContext (package:flutter_tools/src/context_runner.dart:67:24)
#49     run (package:flutter_tools/runner.dart:48:10)
#50     main (package:flutter_tools/executable.dart:69:9)
#51     main (file:///C:/src/flutter/flutter/packages/flutter_tools/bin/flutter_tools.dart:8:3)
#52     _startIsolate.<anonymous closure> (dart:isolate-patch/isolate_patch.dart:299:32)
#53     _RawReceivePortImpl._handleMessage (dart:isolate-patch/isolate_patch.dart:168:12)
```

## flutter doctor

```
[✓] Flutter (Channel stable, v1.17.5, on Microsoft Windows [Version 10.0.18362.900], locale en-US)
    • Flutter version 1.17.5 at C:\src\flutter\flutter
    • Framework revision 8af6b2f038 (11 days ago), 2020-06-30 12:53:55 -0700
    • Engine revision ee76268252
    • Dart version 2.8.4

[✓] Android toolchain - develop for Android devices (Android SDK version 29.0.1)
    • Android SDK at C:\Users\Raahim's Huawei\AppData\Local\Android\Sdk
    • Platform android-29, build-tools 29.0.1
    • ANDROID_HOME = C:\Users\Raahim's Huawei\AppData\Local\Android\Sdk
    • Java binary at: C:\Program Files\Android\Android Studio\jre\bin\java
    • Java version OpenJDK Runtime Environment (build 1.8.0_212-release-1586-b04)
    • All Android licenses accepted.

[✓] Android Studio (version 3.6)
    • Android Studio at C:\Program Files\Android\Android Studio
    • Flutter plugin version 45.1.1
    • Dart plugin version 192.7761
    • Java version OpenJDK Runtime Environment (build 1.8.0_212-release-1586-b04)

[!] IntelliJ IDEA Community Edition (version 2019.1)
    • IntelliJ at C:\Program Files\JetBrains\IntelliJ IDEA Community Edition 2019.1.3
    ✗ Flutter plugin not installed; this adds Flutter specific functionality.
    ✗ Dart plugin not installed; this adds Dart specific functionality.
    • For information about installing plugins, see
      https://flutter.dev/intellij-setup/#installing-the-plugins

[✓] Connected device (1 available)
    • Android SDK built for x86 • emulator-5554 • android-x86 • Android 9 (API 28) (emulator)

! Doctor found issues in 1 category.
```
